Rect { top_left: XY { x: 0, y: 0 }, bottom_right: XY { x: 83, y: 27 } } 0 161 10293
XY { x: 82, y: 354 } 0
scroll bookmark XY { x: 82, y: 354 } 0
scroll bookmark XY { x: 82, y: 354 } 0 0
save bookmark Rect { top_left: XY { x: 0, y: 1 }, bottom_right: XY { x: 83, y: 28 } } 0.0028571428 161 10293
scroll bookmark XY { x: 82, y: 354 } 0.0028571428 1
save bookmark Rect { top_left: XY { x: 0, y: 2 }, bottom_right: XY { x: 83, y: 29 } } 0.0057142857 161 10293
scroll bookmark XY { x: 82, y: 354 } 0.0057142857 2
save bookmark Rect { top_left: XY { x: 0, y: 35 }, bottom_right: XY { x: 83, y: 62 } } 0.1 161 10293
scroll bookmark XY { x: 82, y: 354 } 0.1 35
save bookmark Rect { top_left: XY { x: 0, y: 35 }, bottom_right: XY { x: 83, y: 62 } } 0.1 161 10293
scroll bookmark XY { x: 82, y: 354 } 0.1 35
save bookmark Rect { top_left: XY { x: 0, y: 35 }, bottom_right: XY { x: 83, y: 97 } } 0.1 161 10293
scroll bookmark XY { x: 82, y: 354 } 0.1 35
save bookmark Rect { top_left: XY { x: 0, y: 90 }, bottom_right: XY { x: 83, y: 152 } } 0.25714287 161 10293
scroll bookmark XY { x: 82, y: 354 } 0.25714287 91
save bookmark Rect { top_left: XY { x: 0, y: 90 }, bottom_right: XY { x: 83, y: 117 } } 0.25714287 161 10293
scroll bookmark XY { x: 82, y: 354 } 0.25714287 91
scroll bookmark XY { x: 82, y: 354 } 0.25714287 91
save bookmark Rect { top_left: XY { x: 0, y: 90 }, bottom_right: XY { x: 83, y: 117 } } XY { x: 84, y: 350 } 0.25714287 161 10293
scroll bookmark XY { x: 82, y: 354 } 0.25714287 91
save bookmark Rect { top_left: XY { x: 0, y: 90 }, bottom_right: XY { x: 83, y: 117 } } XY { x: 84, y: 350 } 0.25714287 161 10293
scroll bookmark XY { x: 82, y: 354 } 0.25714287 91
scroll bookmark XY { x: 84, y: 350 } 0.25714287 90
save bookmark Rect { top_left: XY { x: 0, y: 90 }, bottom_right: XY { x: 83, y: 117 } } XY { x: 84, y: 350 } 0.25714287 161 10293
scroll bookmark XY { x: 84, y: 350 } 0.25714287 90
save bookmark Rect { top_left: XY { x: 0, y: 102 }, bottom_right: XY { x: 83, y: 129 } } XY { x: 84, y: 350 } 0.29142857 161 10293
scroll bookmark XY { x: 84, y: 350 } 0.29142857 102
save bookmark Rect { top_left: XY { x: 0, y: 212 }, bottom_right: XY { x: 83, y: 239 } } XY { x: 84, y: 350 } 0.60571426 161 10293
scroll bookmark XY { x: 84, y: 350 } 0.60571426 212
save bookmark Rect { top_left: XY { x: 0, y: 279 }, bottom_right: XY { x: 83, y: 306 } } XY { x: 84, y: 350 } 0.79714286 161 10293
scroll bookmark XY { x: 84, y: 350 } 0.79714286 279
scroll bookmark XY { x: 84, y: 350 } 0.79714286 279 XY { x: 128, y: 34 }
scroll bookmark XY { x: 84, y: 350 } 0.79714286 279 XY { x: 256, y: 35 }
scroll bookmark XY { x: 84, y: 350 } 0.79714286 279 XY { x: 256, y: 71 }
save bookmark Rect { top_left: XY { x: 0, y: 279 }, bottom_right: XY { x: 83, y: 306 } } XY { x: 84, y: 350 } 0.79714286 161 10293
scroll bookmark XY { x: 84, y: 350 } 0.79714286 279 XY { x: 128, y: 34 }
save bookmark Rect { top_left: XY { x: 0, y: 279 }, bottom_right: XY { x: 83, y: 307 } } XY { x: 84, y: 350 } 0.79714286 161 10293
scroll bookmark XY { x: 84, y: 350 } 0.79714286 279 XY { x: 256, y: 35 }
save bookmark Rect { top_left: XY { x: 0, y: 279 }, bottom_right: XY { x: 83, y: 307 } } XY { x: 84, y: 350 } 0.79714286 161 10293
scroll bookmark XY { x: 84, y: 350 } 0.79714286 279 XY { x: 128, y: 35 }
save bookmark Rect { top_left: XY { x: 0, y: 279 }, bottom_right: XY { x: 83, y: 307 } } XY { x: 84, y: 350 } 0.79714286 161 10293
scroll bookmark XY { x: 84, y: 350 } 0.79714286 279 XY { x: 94, y: 35 }
save bookmark Rect { top_left: XY { x: 0, y: 279 }, bottom_right: XY { x: 83, y: 307 } } XY { x: 84, y: 350 } 0.79714286 161 10293
scroll bookmark XY { x: 84, y: 350 } 0.79714286 279 XY { x: 92, y: 35 }
save bookmark Rect { top_left: XY { x: 0, y: 279 }, bottom_right: XY { x: 82, y: 307 } } XY { x: 83, y: 350 } 0.79714286 161 10293
scroll bookmark XY { x: 84, y: 350 } 0.79714286 279 XY { x: 91, y: 35 }
save bookmark Rect { top_left: XY { x: 0, y: 279 }, bottom_right: XY { x: 81, y: 307 } } XY { x: 82, y: 354 } 0.7881356 161 10293
scroll bookmark XY { x: 84, y: 350 } 0.7881356 276 XY { x: 90, y: 35 }
save bookmark Rect { top_left: XY { x: 0, y: 279 }, bottom_right: XY { x: 82, y: 307 } } XY { x: 83, y: 350 } 0.79714286 161 10293
scroll bookmark XY { x: 84, y: 350 } 0.79714286 279 XY { x: 91, y: 35 }
save bookmark Rect { top_left: XY { x: 0, y: 279 }, bottom_right: XY { x: 82, y: 307 } } XY { x: 83, y: 350 } 0.79714286 161 10293
scroll bookmark XY { x: 84, y: 350 } 0.79714286 279 XY { x: 91, y: 35 }
save bookmark Rect { top_left: XY { x: 0, y: 279 }, bottom_right: XY { x: 83, y: 307 } } XY { x: 84, y: 350 } 0.79714286 161 10293
scroll bookmark XY { x: 84, y: 350 } 0.79714286 279 XY { x: 93, y: 35 }
save bookmark Rect { top_left: XY { x: 0, y: 279 }, bottom_right: XY { x: 82, y: 307 } } XY { x: 83, y: 350 } 0.79714286 161 10293
scroll bookmark XY { x: 84, y: 350 } 0.79714286 279 XY { x: 91, y: 35 }
save bookmark Rect { top_left: XY { x: 0, y: 279 }, bottom_right: XY { x: 81, y: 307 } } XY { x: 82, y: 354 } 0.7881356 161 10293
scroll bookmark XY { x: 84, y: 350 } 0.7881356 276 XY { x: 90, y: 35 }
save bookmark Rect { top_left: XY { x: 0, y: 276 }, bottom_right: XY { x: 81, y: 304 } } XY { x: 82, y: 354 } 0.779661 161 10293
scroll bookmark XY { x: 84, y: 350 } 0.779661 273 XY { x: 90, y: 35 }
save bookmark Rect { top_left: XY { x: 0, y: 273 }, bottom_right: XY { x: 82, y: 301 } } XY { x: 83, y: 350 } 0.78 161 10293
scroll bookmark XY { x: 84, y: 350 } 0.78 273 XY { x: 91, y: 35 }
save bookmark Rect { top_left: XY { x: 0, y: 273 }, bottom_right: XY { x: 83, y: 301 } } XY { x: 84, y: 350 } 0.78 161 10293
scroll bookmark XY { x: 84, y: 350 } 0.78 273 XY { x: 92, y: 35 }
scroll bookmark XY { x: 84, y: 350 } 0.78 273 XY { x: 92, y: 35 }
save bookmark Rect { top_left: XY { x: 0, y: 279 }, bottom_right: XY { x: 83, y: 307 } } XY { x: 84, y: 350 } 0.79714286 161 10293
scroll bookmark XY { x: 84, y: 350 } 0.79714286 279 XY { x: 92, y: 35 }
save bookmark Rect { top_left: XY { x: 0, y: 283 }, bottom_right: XY { x: 80, y: 311 } } XY { x: 81, y: 356 } 0.7949438 161 10293
scroll bookmark XY { x: 81, y: 356 } 0.7949438 283 XY { x: 89, y: 35 }
save bookmark Rect { top_left: XY { x: 0, y: 279 }, bottom_right: XY { x: 83, y: 307 } } XY { x: 84, y: 350 } 0.79714286 161 10293
scroll bookmark XY { x: 84, y: 350 } 0.79714286 279 XY { x: 99, y: 35 }
save bookmark Rect { top_left: XY { x: 0, y: 320 }, bottom_right: XY { x: 61, y: 348 } } XY { x: 62, y: 403 } 0.7940447 161 10293
scroll bookmark XY { x: 62, y: 403 } 0.7940447 320 XY { x: 70, y: 35 }
save bookmark Rect { top_left: XY { x: 0, y: 320 }, bottom_right: XY { x: 28, y: 347 } } XY { x: 29, y: 666 } 0.4804805 161 10293
scroll bookmark XY { x: 29, y: 666 } 0.4804805 320 XY { x: 37, y: 34 }
save bookmark Rect { top_left: XY { x: 0, y: 320 }, bottom_right: XY { x: 28, y: 347 } } XY { x: 29, y: 666 } 0.4804805 161 10293
save bookmark Rect { top_left: XY { x: 0, y: 325 }, bottom_right: XY { x: 28, y: 352 } } XY { x: 29, y: 666 } 0.487988 161 10293
deleting bookmark
deleting bookmark
Some((10293, 0.487988))
10293
deleting bookmark
Some((10293, 0.487988))
10293
deleting bookmark
Some((10731, 0.2840909))
10731
